  boxs.cpp
C:\Users\GA2A\Desktop\post\gravityHit\gravityHit\boxs.cpp(10,27): warning C4244: '=': 'int' から 'float' への変換です。データが失われる可能性があります。
C:\Users\GA2A\Desktop\post\gravityHit\gravityHit\boxs.cpp(38,27): warning C4244: '引数': 'int' から 'float' への変換です。データが失われる可能性があります。
C:\Users\GA2A\Desktop\post\gravityHit\gravityHit\boxs.cpp(42,27): warning C4244: '引数': 'int' から 'float' への変換です。データが失われる可能性があります。
C:\Users\GA2A\Desktop\post\gravityHit\gravityHit\boxs.cpp(46,27): warning C4244: '引数': 'int' から 'float' への変換です。データが失われる可能性があります。
C:\Users\GA2A\Desktop\post\gravityHit\gravityHit\boxs.cpp(52,28): warning C4244: '引数': 'int' から 'float' への変換です。データが失われる可能性があります。
C:\Users\GA2A\Desktop\post\gravityHit\gravityHit\boxs.cpp(72,47): warning C4244: '引数': 'float' から 'int' への変換です。データが失われる可能性があります。
C:\Users\GA2A\Desktop\post\gravityHit\gravityHit\boxs.cpp(72,37): warning C4244: '引数': 'float' から 'int' への変換です。データが失われる可能性があります。
C:\Users\GA2A\Desktop\post\gravityHit\gravityHit\boxs.cpp(72,27): warning C4244: '引数': 'float' から 'int' への変換です。データが失われる可能性があります。
C:\Users\GA2A\Desktop\post\gravityHit\gravityHit\boxs.cpp(72,17): warning C4244: '引数': 'float' から 'int' への変換です。データが失われる可能性があります。
C:\Users\GA2A\Desktop\post\gravityHit\gravityHit\boxs.cpp(73,47): warning C4244: '引数': 'float' から 'int' への変換です。データが失われる可能性があります。
C:\Users\GA2A\Desktop\post\gravityHit\gravityHit\boxs.cpp(73,37): warning C4244: '引数': 'float' から 'int' への変換です。データが失われる可能性があります。
C:\Users\GA2A\Desktop\post\gravityHit\gravityHit\boxs.cpp(73,27): warning C4244: '引数': 'float' から 'int' への変換です。データが失われる可能性があります。
C:\Users\GA2A\Desktop\post\gravityHit\gravityHit\boxs.cpp(73,17): warning C4244: '引数': 'float' から 'int' への変換です。データが失われる可能性があります。
C:\Users\GA2A\Desktop\post\gravityHit\gravityHit\boxs.cpp(74,47): warning C4244: '引数': 'float' から 'int' への変換です。データが失われる可能性があります。
C:\Users\GA2A\Desktop\post\gravityHit\gravityHit\boxs.cpp(74,37): warning C4244: '引数': 'float' から 'int' への変換です。データが失われる可能性があります。
C:\Users\GA2A\Desktop\post\gravityHit\gravityHit\boxs.cpp(74,27): warning C4244: '引数': 'float' から 'int' への変換です。データが失われる可能性があります。
C:\Users\GA2A\Desktop\post\gravityHit\gravityHit\boxs.cpp(74,17): warning C4244: '引数': 'float' から 'int' への変換です。データが失われる可能性があります。
C:\Users\GA2A\Desktop\post\gravityHit\gravityHit\boxs.cpp(75,47): warning C4244: '引数': 'float' から 'int' への変換です。データが失われる可能性があります。
C:\Users\GA2A\Desktop\post\gravityHit\gravityHit\boxs.cpp(75,37): warning C4244: '引数': 'float' から 'int' への変換です。データが失われる可能性があります。
C:\Users\GA2A\Desktop\post\gravityHit\gravityHit\boxs.cpp(75,27): warning C4244: '引数': 'float' から 'int' への変換です。データが失われる可能性があります。
C:\Users\GA2A\Desktop\post\gravityHit\gravityHit\boxs.cpp(75,17): warning C4244: '引数': 'float' から 'int' への変換です。データが失われる可能性があります。
  gravityHit.vcxproj -> C:\Users\GA2A\Desktop\post\gravityHit\x64\Debug\gravityHit.exe
